mode: atomic
github.com/qawatake/go-sandbox/null/null.go:38.35,45.2 1 42
github.com/qawatake/go-sandbox/null/null.go:48.39,49.14 1 2
github.com/qawatake/go-sandbox/null/null.go:49.14,51.3 1 1
github.com/qawatake/go-sandbox/null/null.go:52.2,52.20 1 1
github.com/qawatake/go-sandbox/null/null.go:58.44,59.38 1 20
github.com/qawatake/go-sandbox/null/null.go:59.38,62.3 2 3
github.com/qawatake/go-sandbox/null/null.go:63.2,63.16 1 17
github.com/qawatake/go-sandbox/null/null.go:63.16,65.3 1 6
github.com/qawatake/go-sandbox/null/null.go:66.2,66.12 1 17
github.com/qawatake/go-sandbox/null/null.go:72.45,74.2 1 1
github.com/qawatake/go-sandbox/null/null.go:79.49,80.34 1 51
github.com/qawatake/go-sandbox/null/null.go:80.34,83.3 2 7
github.com/qawatake/go-sandbox/null/null.go:84.2,85.49 2 44
github.com/qawatake/go-sandbox/null/null.go:85.49,88.3 2 31
github.com/qawatake/go-sandbox/null/null.go:89.2,90.12 2 13
github.com/qawatake/go-sandbox/null/null.go:96.45,97.16 1 5
github.com/qawatake/go-sandbox/null/null.go:97.16,99.3 1 2
github.com/qawatake/go-sandbox/null/null.go:100.2,100.28 1 3
github.com/qawatake/go-sandbox/null/null.go:112.34,113.30 1 13
github.com/qawatake/go-sandbox/null/null.go:113.30,115.3 1 2
github.com/qawatake/go-sandbox/null/null.go:116.2,116.31 1 11
github.com/qawatake/go-sandbox/null/null.go:116.31,118.3 1 3
github.com/qawatake/go-sandbox/null/null.go:119.2,119.31 1 8
github.com/qawatake/go-sandbox/null/null.go:119.31,121.3 1 2
github.com/qawatake/go-sandbox/null/null.go:122.2,122.42 1 6
github.com/qawatake/go-sandbox/null/null.go:122.42,124.3 1 4
github.com/qawatake/go-sandbox/null/null.go:125.2,125.15 1 2
github.com/qawatake/go-sandbox/null/null.go:130.31,131.16 1 82
github.com/qawatake/go-sandbox/null/null.go:131.16,134.3 2 49
github.com/qawatake/go-sandbox/null/null.go:135.2,135.14 1 33
github.com/qawatake/go-sandbox/null/null.go:140.24,141.16 1 6
github.com/qawatake/go-sandbox/null/null.go:141.16,143.3 1 1
github.com/qawatake/go-sandbox/null/null.go:144.2,145.11 2 5
github.com/qawatake/go-sandbox/null/null.go:149.29,151.2 1 226
